<?xml version="1.0" encoding="UTF-8"?>
<!-- Generated by org.testng.reporters.JUnitXMLReporter -->
<testsuite hostname="CHINTAMANI-PC" ignored="1" name="Default test" tests="2" failures="0" timestamp="21 Sep 2021 12:42:19 GMT" time="48.364" errors="0">
  <testcase name="RegisterFemaleCustomer" time="11.949" classname="com.cjc.testCases.RegisterTest"/>
  <testcase name="RegisterMaleCustomer" time="4.337" classname="com.cjc.testCases.RegisterTest"/>
  <testcase name="@BeforeTest getDriver" time="0.0" classname="cjc.driver.Driver">
    <ignored/>
  </testcase> <!-- @BeforeTest getDriver -->
</testsuite> <!-- Default test -->
