<?xml version="1.0" encoding="UTF-8"?>
<testng-results skipped="0" failed="0" ignored="0" total="1" passed="1">
  <reporter-output>
  </reporter-output>
  <suite name="Suite" duration-ms="35537" started-at="2021-09-24T12:33:23Z" finished-at="2021-09-24T12:33:58Z">
    <groups>
    </groups>
    <test name="Test" duration-ms="35537" started-at="2021-09-24T12:33:23Z" finished-at="2021-09-24T12:33:58Z">
      <class name="com.cjc.testCases.ShoppingCartTest">
        <test-method status="PASS" signature="getDriver()[pri:0, instance:com.cjc.testCases.ShoppingCartTest@25d250c6]" name="getDriver" is-config="true" duration-ms="13391" started-at="2021-09-24T12:33:23Z" finished-at="2021-09-24T12:33:36Z">
          <reporter-output>
          </reporter-output>
        </test-method> <!-- getDriver -->
        <test-method status="PASS" signature="shoppingCart_should_be_successfully_checkout()[pri:0, instance:com.cjc.testCases.ShoppingCartTest@25d250c6]" name="shoppingCart_should_be_successfully_checkout" duration-ms="21379" started-at="2021-09-24T12:33:36Z" finished-at="2021-09-24T12:33:58Z">
          <reporter-output>
          </reporter-output>
        </test-method> <!-- shoppingCart_should_be_successfully_checkout -->
        <test-method status="PASS" signature="closeDriver()[pri:0, instance:com.cjc.testCases.ShoppingCartTest@25d250c6]" name="closeDriver" is-config="true" duration-ms="737" started-at="2021-09-24T12:33:58Z" finished-at="2021-09-24T12:33:58Z">
          <reporter-output>
          </reporter-output>
        </test-method> <!-- closeDriver -->
      </class> <!-- com.cjc.testCases.ShoppingCartTest -->
    </test> <!-- Test -->
  </suite> <!-- Suite -->
</testng-results>
