<?xml version="1.0" encoding="UTF-8"?>
<testng-results skipped="0" failed="0" ignored="0" total="23" passed="23">
  <reporter-output>
  </reporter-output>
  <suite name="Default suite" duration-ms="835052" started-at="2021-09-22T18:26:36Z" finished-at="2021-09-22T18:40:31Z">
    <groups>
    </groups>
    <test name="Default test" duration-ms="835052" started-at="2021-09-22T18:26:36Z" finished-at="2021-09-22T18:40:31Z">
      <class name="com.cjc.testCases.LoginTest">
        <test-method status="PASS" signature="getDriver()[pri:0, instance:com.cjc.testCases.LoginTest@3c9d0b9d]" name="getDriver" is-config="true" duration-ms="28723" started-at="2021-09-22T18:26:36Z" finished-at="2021-09-22T18:27:05Z">
          <reporter-output>
          </reporter-output>
        </test-method> <!-- getDriver -->
        <test-method status="PASS" signature="loginShouldBe_Successful_InCaseOf_ValidEmail_password()[pri:0, instance:com.cjc.testCases.LoginTest@3c9d0b9d]" name="loginShouldBe_Successful_InCaseOf_ValidEmail_password" duration-ms="1709" started-at="2021-09-22T18:27:05Z" finished-at="2021-09-22T18:27:06Z">
          <reporter-output>
          </reporter-output>
        </test-method> <!-- loginShouldBe_Successful_InCaseOf_ValidEmail_password -->
        <test-method status="PASS" signature="closeDriver()[pri:0, instance:com.cjc.testCases.LoginTest@3c9d0b9d]" name="closeDriver" is-config="true" duration-ms="659" started-at="2021-09-22T18:27:06Z" finished-at="2021-09-22T18:27:07Z">
          <reporter-output>
          </reporter-output>
        </test-method> <!-- closeDriver -->
        <test-method status="PASS" signature="getDriver()[pri:0, instance:com.cjc.testCases.LoginTest@3c9d0b9d]" name="getDriver" is-config="true" duration-ms="30718" started-at="2021-09-22T18:27:07Z" finished-at="2021-09-22T18:27:38Z">
          <reporter-output>
          </reporter-output>
        </test-method> <!-- getDriver -->
        <test-method status="PASS" signature="loginShouldFailInCaseOf_WrongEmailId(java.lang.String)[pri:0, instance:com.cjc.testCases.LoginTest@3c9d0b9d]" name="loginShouldFailInCaseOf_WrongEmailId" duration-ms="2460" started-at="2021-09-22T18:27:38Z" data-provider="EmailValidations" finished-at="2021-09-22T18:27:40Z">
          <params>
            <param index="0">
              <value>
                <![CDATA[]]>
              </value>
            </param>
          </params>
          <reporter-output>
          </reporter-output>
        </test-method> <!-- loginShouldFailInCaseOf_WrongEmailId -->
        <test-method status="PASS" signature="closeDriver()[pri:0, instance:com.cjc.testCases.LoginTest@3c9d0b9d]" name="closeDriver" is-config="true" duration-ms="682" started-at="2021-09-22T18:27:40Z" finished-at="2021-09-22T18:27:41Z">
          <reporter-output>
          </reporter-output>
        </test-method> <!-- closeDriver -->
        <test-method status="PASS" signature="getDriver()[pri:0, instance:com.cjc.testCases.LoginTest@3c9d0b9d]" name="getDriver" is-config="true" duration-ms="30586" started-at="2021-09-22T18:27:41Z" finished-at="2021-09-22T18:28:12Z">
          <reporter-output>
          </reporter-output>
        </test-method> <!-- getDriver -->
        <test-method status="PASS" signature="loginShouldFailInCaseOf_WrongEmailId(java.lang.String)[pri:0, instance:com.cjc.testCases.LoginTest@3c9d0b9d]" name="loginShouldFailInCaseOf_WrongEmailId" duration-ms="1273" started-at="2021-09-22T18:28:12Z" data-provider="EmailValidations" finished-at="2021-09-22T18:28:13Z">
          <params>
            <param index="0">
              <value>
                <![CDATA[sagarnimkarde@gmailcom]]>
              </value>
            </param>
          </params>
          <reporter-output>
          </reporter-output>
        </test-method> <!-- loginShouldFailInCaseOf_WrongEmailId -->
        <test-method status="PASS" signature="closeDriver()[pri:0, instance:com.cjc.testCases.LoginTest@3c9d0b9d]" name="closeDriver" is-config="true" duration-ms="640" started-at="2021-09-22T18:28:13Z" finished-at="2021-09-22T18:28:13Z">
          <reporter-output>
          </reporter-output>
        </test-method> <!-- closeDriver -->
        <test-method status="PASS" signature="getDriver()[pri:0, instance:com.cjc.testCases.LoginTest@3c9d0b9d]" name="getDriver" is-config="true" duration-ms="29844" started-at="2021-09-22T18:28:13Z" finished-at="2021-09-22T18:28:43Z">
          <reporter-output>
          </reporter-output>
        </test-method> <!-- getDriver -->
        <test-method status="PASS" signature="loginShouldFailInCaseOf_WrongEmailId(java.lang.String)[pri:0, instance:com.cjc.testCases.LoginTest@3c9d0b9d]" name="loginShouldFailInCaseOf_WrongEmailId" duration-ms="1174" started-at="2021-09-22T18:28:43Z" data-provider="EmailValidations" finished-at="2021-09-22T18:28:44Z">
          <params>
            <param index="0">
              <value>
                <![CDATA[sagarnimkardegmail.com]]>
              </value>
            </param>
          </params>
          <reporter-output>
          </reporter-output>
        </test-method> <!-- loginShouldFailInCaseOf_WrongEmailId -->
        <test-method status="PASS" signature="closeDriver()[pri:0, instance:com.cjc.testCases.LoginTest@3c9d0b9d]" name="closeDriver" is-config="true" duration-ms="672" started-at="2021-09-22T18:28:44Z" finished-at="2021-09-22T18:28:45Z">
          <reporter-output>
          </reporter-output>
        </test-method> <!-- closeDriver -->
        <test-method status="PASS" signature="getDriver()[pri:0, instance:com.cjc.testCases.LoginTest@3c9d0b9d]" name="getDriver" is-config="true" duration-ms="28055" started-at="2021-09-22T18:28:45Z" finished-at="2021-09-22T18:29:13Z">
          <reporter-output>
          </reporter-output>
        </test-method> <!-- getDriver -->
        <test-method status="PASS" signature="loginShouldFailInCaseOf_WrongEmailId(java.lang.String)[pri:0, instance:com.cjc.testCases.LoginTest@3c9d0b9d]" name="loginShouldFailInCaseOf_WrongEmailId" duration-ms="2527" started-at="2021-09-22T18:29:13Z" data-provider="EmailValidations" finished-at="2021-09-22T18:29:16Z">
          <params>
            <param index="0">
              <value>
                <![CDATA[sagarNimkarde@gmail.com]]>
              </value>
            </param>
          </params>
          <reporter-output>
          </reporter-output>
        </test-method> <!-- loginShouldFailInCaseOf_WrongEmailId -->
        <test-method status="PASS" signature="closeDriver()[pri:0, instance:com.cjc.testCases.LoginTest@3c9d0b9d]" name="closeDriver" is-config="true" duration-ms="1040" started-at="2021-09-22T18:29:16Z" finished-at="2021-09-22T18:29:17Z">
          <reporter-output>
          </reporter-output>
        </test-method> <!-- closeDriver -->
        <test-method status="PASS" signature="getDriver()[pri:0, instance:com.cjc.testCases.LoginTest@3c9d0b9d]" name="getDriver" is-config="true" duration-ms="37895" started-at="2021-09-22T18:29:17Z" finished-at="2021-09-22T18:29:55Z">
          <reporter-output>
          </reporter-output>
        </test-method> <!-- getDriver -->
        <test-method status="PASS" signature="loginShouldFailInCaseOf_WrongPassword(java.lang.String)[pri:0, instance:com.cjc.testCases.LoginTest@3c9d0b9d]" name="loginShouldFailInCaseOf_WrongPassword" duration-ms="1752" started-at="2021-09-22T18:29:55Z" data-provider="passwordValidation" finished-at="2021-09-22T18:29:56Z">
          <params>
            <param index="0">
              <value>
                <![CDATA[qwerty]]>
              </value>
            </param>
          </params>
          <reporter-output>
          </reporter-output>
        </test-method> <!-- loginShouldFailInCaseOf_WrongPassword -->
        <test-method status="PASS" signature="closeDriver()[pri:0, instance:com.cjc.testCases.LoginTest@3c9d0b9d]" name="closeDriver" is-config="true" duration-ms="2934" started-at="2021-09-22T18:29:56Z" finished-at="2021-09-22T18:29:59Z">
          <reporter-output>
          </reporter-output>
        </test-method> <!-- closeDriver -->
        <test-method status="PASS" signature="getDriver()[pri:0, instance:com.cjc.testCases.LoginTest@3c9d0b9d]" name="getDriver" is-config="true" duration-ms="40417" started-at="2021-09-22T18:29:59Z" finished-at="2021-09-22T18:30:40Z">
          <reporter-output>
          </reporter-output>
        </test-method> <!-- getDriver -->
        <test-method status="PASS" signature="loginShouldFailInCaseOf_WrongPassword(java.lang.String)[pri:0, instance:com.cjc.testCases.LoginTest@3c9d0b9d]" name="loginShouldFailInCaseOf_WrongPassword" duration-ms="1624" started-at="2021-09-22T18:30:40Z" data-provider="passwordValidation" finished-at="2021-09-22T18:30:41Z">
          <params>
            <param index="0">
              <value>
                <![CDATA[qwerty1234]]>
              </value>
            </param>
          </params>
          <reporter-output>
          </reporter-output>
        </test-method> <!-- loginShouldFailInCaseOf_WrongPassword -->
        <test-method status="PASS" signature="closeDriver()[pri:0, instance:com.cjc.testCases.LoginTest@3c9d0b9d]" name="closeDriver" is-config="true" duration-ms="785" started-at="2021-09-22T18:30:41Z" finished-at="2021-09-22T18:30:42Z">
          <reporter-output>
          </reporter-output>
        </test-method> <!-- closeDriver -->
        <test-method status="PASS" signature="getDriver()[pri:0, instance:com.cjc.testCases.LoginTest@3c9d0b9d]" name="getDriver" is-config="true" duration-ms="28906" started-at="2021-09-22T18:30:42Z" finished-at="2021-09-22T18:31:11Z">
          <reporter-output>
          </reporter-output>
        </test-method> <!-- getDriver -->
        <test-method status="PASS" signature="loginShouldFailInCaseOf_WrongPassword(java.lang.String)[pri:0, instance:com.cjc.testCases.LoginTest@3c9d0b9d]" name="loginShouldFailInCaseOf_WrongPassword" duration-ms="1652" started-at="2021-09-22T18:31:11Z" data-provider="passwordValidation" finished-at="2021-09-22T18:31:13Z">
          <params>
            <param index="0">
              <value>
                <![CDATA[Qwerty@#]]>
              </value>
            </param>
          </params>
          <reporter-output>
          </reporter-output>
        </test-method> <!-- loginShouldFailInCaseOf_WrongPassword -->
        <test-method status="PASS" signature="closeDriver()[pri:0, instance:com.cjc.testCases.LoginTest@3c9d0b9d]" name="closeDriver" is-config="true" duration-ms="5437" started-at="2021-09-22T18:31:13Z" finished-at="2021-09-22T18:31:18Z">
          <reporter-output>
          </reporter-output>
        </test-method> <!-- closeDriver -->
      </class> <!-- com.cjc.testCases.LoginTest -->
      <class name="com.cjc.testCases.RegisterTest">
        <test-method status="PASS" signature="getDriver()[pri:0, instance:com.cjc.testCases.RegisterTest@43301423]" name="getDriver" is-config="true" duration-ms="33014" started-at="2021-09-22T18:31:18Z" finished-at="2021-09-22T18:31:51Z">
          <reporter-output>
          </reporter-output>
        </test-method> <!-- getDriver -->
        <test-method status="PASS" signature="ConfirmPassword()[pri:0, instance:com.cjc.testCases.RegisterTest@43301423]" name="ConfirmPassword" duration-ms="1821" started-at="2021-09-22T18:31:51Z" finished-at="2021-09-22T18:31:53Z">
          <reporter-output>
          </reporter-output>
        </test-method> <!-- ConfirmPassword -->
        <test-method status="PASS" signature="closeDriver()[pri:0, instance:com.cjc.testCases.RegisterTest@43301423]" name="closeDriver" is-config="true" duration-ms="3107" started-at="2021-09-22T18:31:53Z" finished-at="2021-09-22T18:31:56Z">
          <reporter-output>
          </reporter-output>
        </test-method> <!-- closeDriver -->
        <test-method status="PASS" signature="getDriver()[pri:0, instance:com.cjc.testCases.RegisterTest@43301423]" name="getDriver" is-config="true" duration-ms="33839" started-at="2021-09-22T18:31:56Z" finished-at="2021-09-22T18:32:30Z">
          <reporter-output>
          </reporter-output>
        </test-method> <!-- getDriver -->
        <test-method status="PASS" signature="RegisterFemaleCustomer()[pri:0, instance:com.cjc.testCases.RegisterTest@43301423]" name="RegisterFemaleCustomer" duration-ms="7705" started-at="2021-09-22T18:32:30Z" finished-at="2021-09-22T18:32:38Z">
          <reporter-output>
          </reporter-output>
        </test-method> <!-- RegisterFemaleCustomer -->
        <test-method status="PASS" signature="closeDriver()[pri:0, instance:com.cjc.testCases.RegisterTest@43301423]" name="closeDriver" is-config="true" duration-ms="1675" started-at="2021-09-22T18:32:38Z" finished-at="2021-09-22T18:32:39Z">
          <reporter-output>
          </reporter-output>
        </test-method> <!-- closeDriver -->
        <test-method status="PASS" signature="getDriver()[pri:0, instance:com.cjc.testCases.RegisterTest@43301423]" name="getDriver" is-config="true" duration-ms="24879" started-at="2021-09-22T18:32:39Z" finished-at="2021-09-22T18:33:04Z">
          <reporter-output>
          </reporter-output>
        </test-method> <!-- getDriver -->
        <test-method status="PASS" signature="RegisterMaleCustomer()[pri:0, instance:com.cjc.testCases.RegisterTest@43301423]" name="RegisterMaleCustomer" duration-ms="3245" started-at="2021-09-22T18:33:04Z" finished-at="2021-09-22T18:33:07Z">
          <reporter-output>
          </reporter-output>
        </test-method> <!-- RegisterMaleCustomer -->
        <test-method status="PASS" signature="closeDriver()[pri:0, instance:com.cjc.testCases.RegisterTest@43301423]" name="closeDriver" is-config="true" duration-ms="818" started-at="2021-09-22T18:33:07Z" finished-at="2021-09-22T18:33:08Z">
          <reporter-output>
          </reporter-output>
        </test-method> <!-- closeDriver -->
        <test-method status="PASS" signature="getDriver()[pri:0, instance:com.cjc.testCases.RegisterTest@43301423]" name="getDriver" is-config="true" duration-ms="31769" started-at="2021-09-22T18:33:08Z" finished-at="2021-09-22T18:33:40Z">
          <reporter-output>
          </reporter-output>
        </test-method> <!-- getDriver -->
        <test-method status="PASS" signature="emailOfCustomer(java.lang.String)[pri:0, instance:com.cjc.testCases.RegisterTest@43301423]" name="emailOfCustomer" duration-ms="1714" started-at="2021-09-22T18:33:40Z" data-provider="emailValidation" finished-at="2021-09-22T18:33:42Z">
          <params>
            <param index="0">
              <value>
                <![CDATA[bhagyashrinim@gmailcom]]>
              </value>
            </param>
          </params>
          <reporter-output>
          </reporter-output>
        </test-method> <!-- emailOfCustomer -->
        <test-method status="PASS" signature="closeDriver()[pri:0, instance:com.cjc.testCases.RegisterTest@43301423]" name="closeDriver" is-config="true" duration-ms="3355" started-at="2021-09-22T18:33:42Z" finished-at="2021-09-22T18:33:45Z">
          <reporter-output>
          </reporter-output>
        </test-method> <!-- closeDriver -->
        <test-method status="PASS" signature="getDriver()[pri:0, instance:com.cjc.testCases.RegisterTest@43301423]" name="getDriver" is-config="true" duration-ms="33011" started-at="2021-09-22T18:33:45Z" finished-at="2021-09-22T18:34:18Z">
          <reporter-output>
          </reporter-output>
        </test-method> <!-- getDriver -->
        <test-method status="PASS" signature="emailOfCustomer(java.lang.String)[pri:0, instance:com.cjc.testCases.RegisterTest@43301423]" name="emailOfCustomer" duration-ms="4021" started-at="2021-09-22T18:34:18Z" data-provider="emailValidation" finished-at="2021-09-22T18:34:22Z">
          <params>
            <param index="0">
              <value>
                <![CDATA[bhagyashrinimgmail.com]]>
              </value>
            </param>
          </params>
          <reporter-output>
          </reporter-output>
        </test-method> <!-- emailOfCustomer -->
        <test-method status="PASS" signature="closeDriver()[pri:0, instance:com.cjc.testCases.RegisterTest@43301423]" name="closeDriver" is-config="true" duration-ms="1063" started-at="2021-09-22T18:34:22Z" finished-at="2021-09-22T18:34:23Z">
          <reporter-output>
          </reporter-output>
        </test-method> <!-- closeDriver -->
        <test-method status="PASS" signature="getDriver()[pri:0, instance:com.cjc.testCases.RegisterTest@43301423]" name="getDriver" is-config="true" duration-ms="33009" started-at="2021-09-22T18:34:23Z" finished-at="2021-09-22T18:34:56Z">
          <reporter-output>
          </reporter-output>
        </test-method> <!-- getDriver -->
        <test-method status="PASS" signature="firstnameOfCustomer(java.lang.String)[pri:0, instance:com.cjc.testCases.RegisterTest@43301423]" name="firstnameOfCustomer" duration-ms="2569" started-at="2021-09-22T18:34:56Z" data-provider="FirstNameValidations" finished-at="2021-09-22T18:34:59Z">
          <params>
            <param index="0">
              <value>
                <![CDATA[sagar nimkarde]]>
              </value>
            </param>
          </params>
          <reporter-output>
          </reporter-output>
        </test-method> <!-- firstnameOfCustomer -->
        <test-method status="PASS" signature="closeDriver()[pri:0, instance:com.cjc.testCases.RegisterTest@43301423]" name="closeDriver" is-config="true" duration-ms="659" started-at="2021-09-22T18:34:59Z" finished-at="2021-09-22T18:34:59Z">
          <reporter-output>
          </reporter-output>
        </test-method> <!-- closeDriver -->
        <test-method status="PASS" signature="getDriver()[pri:0, instance:com.cjc.testCases.RegisterTest@43301423]" name="getDriver" is-config="true" duration-ms="30518" started-at="2021-09-22T18:34:59Z" finished-at="2021-09-22T18:35:30Z">
          <reporter-output>
          </reporter-output>
        </test-method> <!-- getDriver -->
        <test-method status="PASS" signature="firstnameOfCustomer(java.lang.String)[pri:0, instance:com.cjc.testCases.RegisterTest@43301423]" name="firstnameOfCustomer" duration-ms="5500" started-at="2021-09-22T18:35:30Z" data-provider="FirstNameValidations" finished-at="2021-09-22T18:35:35Z">
          <params>
            <param index="0">
              <value>
                <![CDATA[sagarnimkarde111]]>
              </value>
            </param>
          </params>
          <reporter-output>
          </reporter-output>
        </test-method> <!-- firstnameOfCustomer -->
        <test-method status="PASS" signature="closeDriver()[pri:0, instance:com.cjc.testCases.RegisterTest@43301423]" name="closeDriver" is-config="true" duration-ms="7215" started-at="2021-09-22T18:35:35Z" finished-at="2021-09-22T18:35:43Z">
          <reporter-output>
          </reporter-output>
        </test-method> <!-- closeDriver -->
        <test-method status="PASS" signature="getDriver()[pri:0, instance:com.cjc.testCases.RegisterTest@43301423]" name="getDriver" is-config="true" duration-ms="28844" started-at="2021-09-22T18:35:43Z" finished-at="2021-09-22T18:36:12Z">
          <reporter-output>
          </reporter-output>
        </test-method> <!-- getDriver -->
        <test-method status="PASS" signature="firstnameOfCustomer(java.lang.String)[pri:0, instance:com.cjc.testCases.RegisterTest@43301423]" name="firstnameOfCustomer" duration-ms="1866" started-at="2021-09-22T18:36:12Z" data-provider="FirstNameValidations" finished-at="2021-09-22T18:36:13Z">
          <params>
            <param index="0">
              <value>
                <![CDATA[]]>
              </value>
            </param>
          </params>
          <reporter-output>
          </reporter-output>
        </test-method> <!-- firstnameOfCustomer -->
        <test-method status="PASS" signature="closeDriver()[pri:0, instance:com.cjc.testCases.RegisterTest@43301423]" name="closeDriver" is-config="true" duration-ms="1215" started-at="2021-09-22T18:36:13Z" finished-at="2021-09-22T18:36:15Z">
          <reporter-output>
          </reporter-output>
        </test-method> <!-- closeDriver -->
        <test-method status="PASS" signature="getDriver()[pri:0, instance:com.cjc.testCases.RegisterTest@43301423]" name="getDriver" is-config="true" duration-ms="31908" started-at="2021-09-22T18:36:15Z" finished-at="2021-09-22T18:36:47Z">
          <reporter-output>
          </reporter-output>
        </test-method> <!-- getDriver -->
        <test-method status="PASS" signature="lastnameOfCustomer(java.lang.String)[pri:0, instance:com.cjc.testCases.RegisterTest@43301423]" name="lastnameOfCustomer" duration-ms="3292" started-at="2021-09-22T18:36:47Z" data-provider="LastNameValidations" finished-at="2021-09-22T18:36:50Z">
          <params>
            <param index="0">
              <value>
                <![CDATA[sagar nimkarde]]>
              </value>
            </param>
          </params>
          <reporter-output>
          </reporter-output>
        </test-method> <!-- lastnameOfCustomer -->
        <test-method status="PASS" signature="closeDriver()[pri:0, instance:com.cjc.testCases.RegisterTest@43301423]" name="closeDriver" is-config="true" duration-ms="710" started-at="2021-09-22T18:36:50Z" finished-at="2021-09-22T18:36:51Z">
          <reporter-output>
          </reporter-output>
        </test-method> <!-- closeDriver -->
        <test-method status="PASS" signature="getDriver()[pri:0, instance:com.cjc.testCases.RegisterTest@43301423]" name="getDriver" is-config="true" duration-ms="28524" started-at="2021-09-22T18:36:51Z" finished-at="2021-09-22T18:37:19Z">
          <reporter-output>
          </reporter-output>
        </test-method> <!-- getDriver -->
        <test-method status="PASS" signature="lastnameOfCustomer(java.lang.String)[pri:0, instance:com.cjc.testCases.RegisterTest@43301423]" name="lastnameOfCustomer" duration-ms="2546" started-at="2021-09-22T18:37:19Z" data-provider="LastNameValidations" finished-at="2021-09-22T18:37:22Z">
          <params>
            <param index="0">
              <value>
                <![CDATA[sagarnimkarde111]]>
              </value>
            </param>
          </params>
          <reporter-output>
          </reporter-output>
        </test-method> <!-- lastnameOfCustomer -->
        <test-method status="PASS" signature="closeDriver()[pri:0, instance:com.cjc.testCases.RegisterTest@43301423]" name="closeDriver" is-config="true" duration-ms="646" started-at="2021-09-22T18:37:22Z" finished-at="2021-09-22T18:37:22Z">
          <reporter-output>
          </reporter-output>
        </test-method> <!-- closeDriver -->
        <test-method status="PASS" signature="getDriver()[pri:0, instance:com.cjc.testCases.RegisterTest@43301423]" name="getDriver" is-config="true" duration-ms="34636" started-at="2021-09-22T18:37:22Z" finished-at="2021-09-22T18:37:57Z">
          <reporter-output>
          </reporter-output>
        </test-method> <!-- getDriver -->
        <test-method status="PASS" signature="lastnameOfCustomer(java.lang.String)[pri:0, instance:com.cjc.testCases.RegisterTest@43301423]" name="lastnameOfCustomer" duration-ms="2403" started-at="2021-09-22T18:37:57Z" data-provider="LastNameValidations" finished-at="2021-09-22T18:37:59Z">
          <params>
            <param index="0">
              <value>
                <![CDATA[]]>
              </value>
            </param>
          </params>
          <reporter-output>
          </reporter-output>
        </test-method> <!-- lastnameOfCustomer -->
        <test-method status="PASS" signature="closeDriver()[pri:0, instance:com.cjc.testCases.RegisterTest@43301423]" name="closeDriver" is-config="true" duration-ms="1204" started-at="2021-09-22T18:37:59Z" finished-at="2021-09-22T18:38:01Z">
          <reporter-output>
          </reporter-output>
        </test-method> <!-- closeDriver -->
        <test-method status="PASS" signature="getDriver()[pri:0, instance:com.cjc.testCases.RegisterTest@43301423]" name="getDriver" is-config="true" duration-ms="29950" started-at="2021-09-22T18:38:01Z" finished-at="2021-09-22T18:38:30Z">
          <reporter-output>
          </reporter-output>
        </test-method> <!-- getDriver -->
        <test-method status="PASS" signature="lastnameOfCustomer(java.lang.String)[pri:0, instance:com.cjc.testCases.RegisterTest@43301423]" name="lastnameOfCustomer" duration-ms="3653" started-at="2021-09-22T18:38:30Z" data-provider="LastNameValidations" finished-at="2021-09-22T18:38:34Z">
          <params>
            <param index="0">
              <value>
                <![CDATA[sagar@1234]]>
              </value>
            </param>
          </params>
          <reporter-output>
          </reporter-output>
        </test-method> <!-- lastnameOfCustomer -->
        <test-method status="PASS" signature="closeDriver()[pri:0, instance:com.cjc.testCases.RegisterTest@43301423]" name="closeDriver" is-config="true" duration-ms="1742" started-at="2021-09-22T18:38:34Z" finished-at="2021-09-22T18:38:36Z">
          <reporter-output>
          </reporter-output>
        </test-method> <!-- closeDriver -->
        <test-method status="PASS" signature="getDriver()[pri:0, instance:com.cjc.testCases.RegisterTest@43301423]" name="getDriver" is-config="true" duration-ms="34054" started-at="2021-09-22T18:38:36Z" finished-at="2021-09-22T18:39:10Z">
          <reporter-output>
          </reporter-output>
        </test-method> <!-- getDriver -->
        <test-method status="PASS" signature="password(java.lang.String)[pri:0, instance:com.cjc.testCases.RegisterTest@43301423]" name="password" duration-ms="1676" started-at="2021-09-22T18:39:10Z" data-provider="passwordValidation" finished-at="2021-09-22T18:39:12Z">
          <params>
            <param index="0">
              <value>
                <![CDATA[qwerty]]>
              </value>
            </param>
          </params>
          <reporter-output>
          </reporter-output>
        </test-method> <!-- password -->
        <test-method status="PASS" signature="closeDriver()[pri:0, instance:com.cjc.testCases.RegisterTest@43301423]" name="closeDriver" is-config="true" duration-ms="688" started-at="2021-09-22T18:39:12Z" finished-at="2021-09-22T18:39:12Z">
          <reporter-output>
          </reporter-output>
        </test-method> <!-- closeDriver -->
        <test-method status="PASS" signature="getDriver()[pri:0, instance:com.cjc.testCases.RegisterTest@43301423]" name="getDriver" is-config="true" duration-ms="40442" started-at="2021-09-22T18:39:12Z" finished-at="2021-09-22T18:39:53Z">
          <reporter-output>
          </reporter-output>
        </test-method> <!-- getDriver -->
        <test-method status="PASS" signature="password(java.lang.String)[pri:0, instance:com.cjc.testCases.RegisterTest@43301423]" name="password" duration-ms="1691" started-at="2021-09-22T18:39:53Z" data-provider="passwordValidation" finished-at="2021-09-22T18:39:54Z">
          <params>
            <param index="0">
              <value>
                <![CDATA[qwerty1234]]>
              </value>
            </param>
          </params>
          <reporter-output>
          </reporter-output>
        </test-method> <!-- password -->
        <test-method status="PASS" signature="closeDriver()[pri:0, instance:com.cjc.testCases.RegisterTest@43301423]" name="closeDriver" is-config="true" duration-ms="733" started-at="2021-09-22T18:39:54Z" finished-at="2021-09-22T18:39:55Z">
          <reporter-output>
          </reporter-output>
        </test-method> <!-- closeDriver -->
        <test-method status="PASS" signature="getDriver()[pri:0, instance:com.cjc.testCases.RegisterTest@43301423]" name="getDriver" is-config="true" duration-ms="31859" started-at="2021-09-22T18:39:55Z" finished-at="2021-09-22T18:40:27Z">
          <reporter-output>
          </reporter-output>
        </test-method> <!-- getDriver -->
        <test-method status="PASS" signature="password(java.lang.String)[pri:0, instance:com.cjc.testCases.RegisterTest@43301423]" name="password" duration-ms="2669" started-at="2021-09-22T18:40:27Z" data-provider="passwordValidation" finished-at="2021-09-22T18:40:30Z">
          <params>
            <param index="0">
              <value>
                <![CDATA[Qwerty@#]]>
              </value>
            </param>
          </params>
          <reporter-output>
          </reporter-output>
        </test-method> <!-- password -->
        <test-method status="PASS" signature="closeDriver()[pri:0, instance:com.cjc.testCases.RegisterTest@43301423]" name="closeDriver" is-config="true" duration-ms="1329" started-at="2021-09-22T18:40:30Z" finished-at="2021-09-22T18:40:31Z">
          <reporter-output>
          </reporter-output>
        </test-method> <!-- closeDriver -->
      </class> <!-- com.cjc.testCases.RegisterTest -->
    </test> <!-- Default test -->
  </suite> <!-- Default suite -->
</testng-results>
